TN:
SF:controllers\admin-controller.js
FN:12,(anonymous_0)
FN:28,(anonymous_1)
FN:36,(anonymous_2)
FN:55,(anonymous_3)
FN:67,(anonymous_4)
FN:107,(anonymous_5)
FN:119,(anonymous_6)
FN:134,(anonymous_7)
FN:149,(anonymous_8)
FN:156,(anonymous_9)
FN:199,(anonymous_10)
FN:205,(anonymous_11)
FN:216,(anonymous_12)
FN:228,(anonymous_13)
FN:240,(anonymous_14)
FN:245,(anonymous_15)
FN:251,(anonymous_16)
FNF:17
FNH:17
FNDA:2,(anonymous_0)
FNDA:2,(anonymous_1)
FNDA:4,(anonymous_2)
FNDA:1,(anonymous_3)
FNDA:2,(anonymous_4)
FNDA:1,(anonymous_5)
FNDA:1,(anonymous_6)
FNDA:1,(anonymous_7)
FNDA:2,(anonymous_8)
FNDA:3,(anonymous_9)
FNDA:1,(anonymous_10)
FNDA:1,(anonymous_11)
FNDA:1,(anonymous_12)
FNDA:1,(anonymous_13)
FNDA:1,(anonymous_14)
FNDA:1,(anonymous_15)
FNDA:1,(anonymous_16)
DA:1,1
DA:2,1
DA:3,1
DA:4,1
DA:8,1
DA:9,1
DA:11,1
DA:13,2
DA:14,2
DA:15,2
DA:17,2
DA:28,2
DA:37,4
DA:41,2
DA:45,2
DA:52,2
DA:56,1
DA:75,2
DA:77,2
DA:78,2
DA:80,2
DA:81,1
DA:92,1
DA:94,1
DA:108,1
DA:109,1
DA:120,1
DA:124,1
DA:135,1
DA:139,1
DA:150,2
DA:151,2
DA:152,2
DA:153,2
DA:157,3
DA:164,3
DA:166,3
DA:167,3
DA:169,3
DA:170,1
DA:173,1
DA:176,2
DA:177,1
DA:180,1
DA:183,1
DA:186,1
DA:196,1
DA:200,1
DA:201,1
DA:202,1
DA:206,1
DA:207,1
DA:208,1
DA:210,1
DA:213,1
DA:217,1
DA:218,1
DA:219,1
DA:225,1
DA:229,1
DA:230,1
DA:231,1
DA:237,1
DA:241,1
DA:242,1
DA:246,1
DA:247,1
DA:248,1
DA:252,1
DA:253,1
DA:258,1
DA:262,1
LF:72
LH:72
BRDA:80,0,0,1
BRDA:80,0,1,1
BRDA:152,1,0,1
BRDA:152,1,1,1
BRDA:166,2,0,3
BRDA:166,2,1,0
BRDA:169,3,0,1
BRDA:169,3,1,2
BRDA:176,4,0,1
BRDA:176,4,1,1
BRF:10
BRH:9
end_of_record
TN:
SF:controllers\auth-controller.js
FN:25,(anonymous_0)
FN:90,(anonymous_1)
FN:103,(anonymous_2)
FN:109,(anonymous_3)
FNF:4
FNH:4
FNDA:5,(anonymous_0)
FNDA:2,(anonymous_1)
FNDA:2,(anonymous_2)
FNDA:2,(anonymous_3)
DA:1,1
DA:2,1
DA:3,1
DA:8,1
DA:9,1
DA:14,1
DA:26,5
DA:27,5
DA:35,5
DA:36,5
DA:37,4
DA:38,1
DA:40,1
DA:46,3
DA:50,3
DA:51,1
DA:53,1
DA:58,2
DA:59,1
DA:64,1
DA:67,1
DA:68,1
DA:69,1
DA:71,1
DA:76,1
DA:78,1
DA:79,1
DA:91,2
DA:92,1
DA:104,2
DA:109,2
DA:110,2
DA:111,1
DA:112,1
DA:114,1
DA:115,1
DA:120,1
LF:37
LH:37
BRDA:26,0,0,5
BRDA:26,0,1,0
BRDA:37,1,0,1
BRDA:37,1,1,3
BRDA:46,2,0,3
BRDA:46,2,1,0
BRDA:50,3,0,1
BRDA:50,3,1,2
BRDA:58,4,0,1
BRDA:58,4,1,1
BRDA:91,5,0,1
BRDA:91,5,1,1
BRDA:110,6,0,1
BRDA:110,6,1,1
BRF:14
BRH:12
end_of_record
TN:
SF:controllers\event-controller.js
FN:13,(anonymous_0)
FN:61,(anonymous_1)
FN:65,(anonymous_2)
FN:76,(anonymous_3)
FN:77,(anonymous_4)
FN:87,(anonymous_5)
FN:117,(anonymous_6)
FN:135,(anonymous_7)
FN:151,(anonymous_8)
FN:168,(anonymous_9)
FN:185,(anonymous_10)
FN:216,(anonymous_11)
FN:275,(anonymous_12)
FN:312,(anonymous_13)
FN:343,(anonymous_14)
FN:403,(anonymous_15)
FN:440,(anonymous_16)
FN:471,(anonymous_17)
FN:530,(anonymous_18)
FN:567,(anonymous_19)
FN:598,(anonymous_20)
FN:657,(anonymous_21)
FN:694,(anonymous_22)
FN:696,(anonymous_23)
FN:701,(anonymous_24)
FN:703,(anonymous_25)
FN:708,(anonymous_26)
FN:709,(anonymous_27)
FN:714,(anonymous_28)
FN:721,(anonymous_29)
FN:726,(anonymous_30)
FN:749,(anonymous_31)
FNF:32
FNH:32
FNDA:1,(anonymous_0)
FNDA:1,(anonymous_1)
FNDA:1,(anonymous_2)
FNDA:1,(anonymous_3)
FNDA:1,(anonymous_4)
FNDA:1,(anonymous_5)
FNDA:1,(anonymous_6)
FNDA:1,(anonymous_7)
FNDA:1,(anonymous_8)
FNDA:1,(anonymous_9)
FNDA:2,(anonymous_10)
FNDA:2,(anonymous_11)
FNDA:2,(anonymous_12)
FNDA:1,(anonymous_13)
FNDA:2,(anonymous_14)
FNDA:2,(anonymous_15)
FNDA:1,(anonymous_16)
FNDA:2,(anonymous_17)
FNDA:2,(anonymous_18)
FNDA:1,(anonymous_19)
FNDA:2,(anonymous_20)
FNDA:2,(anonymous_21)
FNDA:1,(anonymous_22)
FNDA:1,(anonymous_23)
FNDA:1,(anonymous_24)
FNDA:1,(anonymous_25)
FNDA:1,(anonymous_26)
FNDA:1,(anonymous_27)
FNDA:2,(anonymous_28)
FNDA:2,(anonymous_29)
FNDA:1,(anonymous_30)
FNDA:1,(anonymous_31)
DA:1,1
DA:2,1
DA:3,1
DA:4,1
DA:5,1
DA:7,1
DA:8,1
DA:10,1
DA:12,1
DA:14,1
DA:15,1
DA:16,1
DA:22,1
DA:52,1
DA:58,1
DA:62,1
DA:66,1
DA:68,1
DA:73,1
DA:77,1
DA:78,1
DA:83,1
DA:88,1
DA:89,1
DA:109,1
DA:114,1
DA:118,1
DA:119,1
DA:121,1
DA:127,1
DA:132,1
DA:136,1
DA:137,1
DA:139,1
DA:143,1
DA:148,1
DA:152,1
DA:153,1
DA:155,1
DA:161,1
DA:165,1
DA:169,1
DA:170,1
DA:172,1
DA:178,1
DA:182,1
DA:186,2
DA:207,2
DA:213,2
DA:217,2
DA:221,2
DA:222,1
DA:225,2
DA:226,2
DA:227,1
DA:228,1
DA:229,1
DA:234,1
DA:239,2
DA:240,2
DA:242,2
DA:263,2
DA:272,2
DA:276,2
DA:280,2
DA:282,2
DA:302,2
DA:309,2
DA:313,1
DA:334,1
DA:340,1
DA:344,2
DA:348,2
DA:349,1
DA:352,2
DA:353,2
DA:354,1
DA:355,1
DA:356,1
DA:361,1
DA:367,2
DA:368,2
DA:370,2
DA:391,2
DA:400,2
DA:404,2
DA:408,2
DA:410,2
DA:430,2
DA:437,2
DA:441,1
DA:462,1
DA:468,1
DA:472,2
DA:476,2
DA:477,1
DA:480,2
DA:481,2
DA:482,1
DA:483,1
DA:484,1
DA:489,1
DA:494,2
DA:495,2
DA:497,2
DA:518,2
DA:527,2
DA:531,2
DA:535,2
DA:537,2
DA:557,2
DA:564,2
DA:568,1
DA:589,1
DA:595,1
DA:599,2
DA:603,2
DA:604,1
DA:607,2
DA:608,2
DA:609,1
DA:610,1
DA:611,1
DA:616,1
DA:621,2
DA:622,2
DA:624,2
DA:645,2
DA:654,2
DA:658,2
DA:662,2
DA:664,2
DA:684,2
DA:691,2
DA:695,1
DA:696,1
DA:697,1
DA:702,1
DA:703,1
DA:704,1
DA:709,1
DA:710,1
DA:715,2
DA:721,2
DA:722,2
DA:727,1
DA:746,1
DA:750,1
DA:752,1
DA:765,1
DA:767,1
DA:768,1
DA:770,1
DA:774,1
LF:154
LH:154
BRDA:69,0,0,1
BRDA:69,0,1,0
BRDA:128,1,0,1
BRDA:128,1,1,0
BRDA:144,2,0,1
BRDA:144,2,1,0
BRDA:162,3,0,1
BRDA:162,3,1,0
BRDA:179,4,0,1
BRDA:179,4,1,0
BRDA:221,5,0,1
BRDA:221,5,1,1
BRDA:225,6,0,1
BRDA:225,6,1,1
BRDA:226,7,0,1
BRDA:226,7,1,1
BRDA:240,8,0,1
BRDA:240,8,1,1
BRDA:280,9,0,1
BRDA:280,9,1,1
BRDA:348,10,0,1
BRDA:348,10,1,1
BRDA:352,11,0,1
BRDA:352,11,1,1
BRDA:353,12,0,1
BRDA:353,12,1,1
BRDA:368,13,0,1
BRDA:368,13,1,1
BRDA:408,14,0,1
BRDA:408,14,1,1
BRDA:476,15,0,1
BRDA:476,15,1,1
BRDA:480,16,0,1
BRDA:480,16,1,1
BRDA:481,17,0,1
BRDA:481,17,1,1
BRDA:495,18,0,1
BRDA:495,18,1,1
BRDA:535,19,0,1
BRDA:535,19,1,1
BRDA:603,20,0,1
BRDA:603,20,1,1
BRDA:607,21,0,1
BRDA:607,21,1,1
BRDA:608,22,0,1
BRDA:608,22,1,1
BRDA:622,23,0,1
BRDA:622,23,1,1
BRDA:662,24,0,1
BRDA:662,24,1,1
BRF:50
BRH:45
end_of_record
TN:
SF:helpers\activityLogger.js
FN:3,activityLogger
FNF:1
FNH:1
FNDA:1,activityLogger
DA:1,3
DA:3,3
DA:4,1
LF:3
LH:3
BRF:0
BRH:0
end_of_record
TN:
SF:helpers\eventsInMonth.js
FN:3,getEventsInMonth
FN:27,(anonymous_1)
FN:30,(anonymous_2)
FN:62,getEventsPerDay
FN:64,(anonymous_4)
FN:69,getVenuesAvailability
FN:79,(anonymous_6)
FN:90,(anonymous_7)
FNF:8
FNH:8
FNDA:6,getEventsInMonth
FNDA:36,(anonymous_1)
FNDA:252,(anonymous_2)
FNDA:180,getEventsPerDay
FNDA:450,(anonymous_4)
FNDA:180,getVenuesAvailability
FNDA:15,(anonymous_6)
FNDA:20,(anonymous_7)
DA:1,2
DA:4,6
DA:19,6
DA:20,6
DA:21,6
DA:25,6
DA:27,6
DA:28,36
DA:30,36
DA:31,252
DA:32,72
DA:36,180
DA:37,180
DA:38,180
DA:44,252
DA:47,36
DA:50,6
DA:59,6
DA:63,180
DA:64,450
DA:66,180
DA:70,180
DA:79,180
DA:80,15
DA:81,15
DA:83,10
DA:84,10
DA:86,5
DA:87,5
DA:90,15
DA:91,20
DA:93,5
DA:94,5
DA:96,5
DA:97,5
DA:99,10
DA:100,10
DA:102,20
DA:103,20
DA:107,180
DA:110,2
LF:41
LH:41
BRDA:31,0,0,72
BRDA:31,0,1,180
BRDA:81,1,0,10
BRDA:81,1,1,5
BRDA:91,2,0,5
BRDA:91,2,1,5
BRDA:91,2,2,10
BRF:7
BRH:7
end_of_record
TN:
SF:helpers\newPasswordValidator.js
FN:4,isValidPassword
FN:11,comparePassword
FN:19,isOldPasswordSameAsPassword
FNF:3
FNH:3
FNDA:3,isValidPassword
FNDA:3,comparePassword
FNDA:1,isOldPasswordSameAsPassword
DA:1,2
DA:2,2
DA:5,3
DA:7,2
DA:8,2
DA:12,3
DA:13,3
DA:15,3
DA:16,3
DA:20,1
DA:23,2
LF:11
LH:11
BRDA:5,0,0,1
BRDA:5,0,1,2
BRF:2
BRH:2
end_of_record
TN:
SF:helpers\validation.js
FNF:0
FNH:0
LF:0
LH:0
BRF:0
BRH:0
end_of_record
