TN:
SF:index.js
FN:35,(anonymous_0)
FN:513,generateEventArray
FN:523,(anonymous_2)
FN:535,(anonymous_3)
FN:540,(anonymous_4)
FN:545,(anonymous_5)
FN:550,(anonymous_6)
FN:554,(anonymous_7)
FN:558,(anonymous_8)
FN:572,(anonymous_9)
FN:577,(anonymous_10)
FN:588,(anonymous_11)
FN:593,(anonymous_12)
FN:598,(anonymous_13)
FN:609,(anonymous_14)
FN:620,(anonymous_15)
FN:625,(anonymous_16)
FN:630,(anonymous_17)
FN:634,(anonymous_18)
FN:638,(anonymous_19)
FN:642,(anonymous_20)
FN:646,(anonymous_21)
FN:650,(anonymous_22)
FN:655,(anonymous_23)
FN:660,(anonymous_24)
FN:665,(anonymous_25)
FN:670,(anonymous_26)
FN:675,(anonymous_27)
FN:680,(anonymous_28)
FN:685,(anonymous_29)
FN:693,(anonymous_30)
FN:698,(anonymous_31)
FN:709,(anonymous_32)
FN:720,(anonymous_33)
FN:725,(anonymous_34)
FN:735,(anonymous_35)
FN:740,(anonymous_36)
FN:745,(anonymous_37)
FN:755,(anonymous_38)
FN:760,(anonymous_39)
FN:765,(anonymous_40)
FN:770,(anonymous_41)
FN:775,(anonymous_42)
FN:780,(anonymous_43)
FN:785,(anonymous_44)
FN:790,(anonymous_45)
FN:823,(anonymous_46)
FN:839,(anonymous_47)
FN:850,(anonymous_48)
FN:855,(anonymous_49)
FN:867,(anonymous_50)
FN:878,(anonymous_51)
FN:889,(anonymous_52)
FN:900,(anonymous_53)
FN:905,(anonymous_54)
FN:917,(anonymous_55)
FN:928,(anonymous_56)
FN:939,(anonymous_57)
FN:950,(anonymous_58)
FN:962,(anonymous_59)
FN:973,(anonymous_60)
FN:984,(anonymous_61)
FN:995,(anonymous_62)
FN:1007,(anonymous_63)
FN:1018,(anonymous_64)
FN:1033,(anonymous_65)
FN:1046,(anonymous_66)
FN:1064,(anonymous_67)
FN:1071,(anonymous_68)
FNF:69
FNH:0
FNDA:0,(anonymous_0)
FNDA:0,generateEventArray
FNDA:0,(anonymous_2)
FNDA:0,(anonymous_3)
FNDA:0,(anonymous_4)
FNDA:0,(anonymous_5)
FNDA:0,(anonymous_6)
FNDA:0,(anonymous_7)
FNDA:0,(anonymous_8)
FNDA:0,(anonymous_9)
FNDA:0,(anonymous_10)
FNDA:0,(anonymous_11)
FNDA:0,(anonymous_12)
FNDA:0,(anonymous_13)
FNDA:0,(anonymous_14)
FNDA:0,(anonymous_15)
FNDA:0,(anonymous_16)
FNDA:0,(anonymous_17)
FNDA:0,(anonymous_18)
FNDA:0,(anonymous_19)
FNDA:0,(anonymous_20)
FNDA:0,(anonymous_21)
FNDA:0,(anonymous_22)
FNDA:0,(anonymous_23)
FNDA:0,(anonymous_24)
FNDA:0,(anonymous_25)
FNDA:0,(anonymous_26)
FNDA:0,(anonymous_27)
FNDA:0,(anonymous_28)
FNDA:0,(anonymous_29)
FNDA:0,(anonymous_30)
FNDA:0,(anonymous_31)
FNDA:0,(anonymous_32)
FNDA:0,(anonymous_33)
FNDA:0,(anonymous_34)
FNDA:0,(anonymous_35)
FNDA:0,(anonymous_36)
FNDA:0,(anonymous_37)
FNDA:0,(anonymous_38)
FNDA:0,(anonymous_39)
FNDA:0,(anonymous_40)
FNDA:0,(anonymous_41)
FNDA:0,(anonymous_42)
FNDA:0,(anonymous_43)
FNDA:0,(anonymous_44)
FNDA:0,(anonymous_45)
FNDA:0,(anonymous_46)
FNDA:0,(anonymous_47)
FNDA:0,(anonymous_48)
FNDA:0,(anonymous_49)
FNDA:0,(anonymous_50)
FNDA:0,(anonymous_51)
FNDA:0,(anonymous_52)
FNDA:0,(anonymous_53)
FNDA:0,(anonymous_54)
FNDA:0,(anonymous_55)
FNDA:0,(anonymous_56)
FNDA:0,(anonymous_57)
FNDA:0,(anonymous_58)
FNDA:0,(anonymous_59)
FNDA:0,(anonymous_60)
FNDA:0,(anonymous_61)
FNDA:0,(anonymous_62)
FNDA:0,(anonymous_63)
FNDA:0,(anonymous_64)
FNDA:0,(anonymous_65)
FNDA:0,(anonymous_66)
FNDA:0,(anonymous_67)
FNDA:0,(anonymous_68)
DA:1,0
DA:2,0
DA:3,0
DA:6,0
DA:7,0
DA:8,0
DA:9,0
DA:10,0
DA:11,0
DA:12,0
DA:14,0
DA:15,0
DA:18,0
DA:22,0
DA:24,0
DA:26,0
DA:28,0
DA:29,0
DA:31,0
DA:35,0
DA:36,0
DA:37,0
DA:39,0
DA:45,0
DA:48,0
DA:52,0
DA:55,0
DA:57,0
DA:66,0
DA:77,0
DA:78,0
DA:81,0
DA:514,0
DA:515,0
DA:516,0
DA:517,0
DA:518,0
DA:519,0
DA:520,0
DA:521,0
DA:522,0
DA:523,0
DA:524,0
DA:525,0
DA:531,0
DA:536,0
DA:541,0
DA:546,0
DA:551,0
DA:555,0
DA:559,0
DA:563,0
DA:565,0
DA:568,0
DA:572,0
DA:573,0
DA:574,0
DA:577,0
DA:578,0
DA:579,0
DA:580,0
DA:581,0
DA:582,0
DA:583,0
DA:585,0
DA:588,0
DA:589,0
DA:590,0
DA:593,0
DA:594,0
DA:595,0
DA:598,0
DA:599,0
DA:600,0
DA:601,0
DA:602,0
DA:603,0
DA:604,0
DA:606,0
DA:609,0
DA:610,0
DA:611,0
DA:612,0
DA:613,0
DA:614,0
DA:615,0
DA:617,0
DA:620,0
DA:621,0
DA:622,0
DA:625,0
DA:626,0
DA:627,0
DA:630,0
DA:631,0
DA:632,0
DA:634,0
DA:638,0
DA:639,0
DA:640,0
DA:642,0
DA:646,0
DA:647,0
DA:649,0
DA:650,0
DA:652,0
DA:655,0
DA:656,0
DA:657,0
DA:660,0
DA:661,0
DA:662,0
DA:665,0
DA:666,0
DA:667,0
DA:670,0
DA:671,0
DA:672,0
DA:675,0
DA:676,0
DA:677,0
DA:680,0
DA:681,0
DA:682,0
DA:685,0
DA:686,0
DA:687,0
DA:693,0
DA:694,0
DA:695,0
DA:698,0
DA:699,0
DA:700,0
DA:701,0
DA:702,0
DA:703,0
DA:704,0
DA:706,0
DA:709,0
DA:710,0
DA:711,0
DA:712,0
DA:713,0
DA:714,0
DA:715,0
DA:717,0
DA:720,0
DA:721,0
DA:722,0
DA:725,0
DA:726,0
DA:727,0
DA:728,0
DA:729,0
DA:730,0
DA:731,0
DA:734,0
DA:735,0
DA:737,0
DA:740,0
DA:741,0
DA:742,0
DA:745,0
DA:746,0
DA:747,0
DA:748,0
DA:749,0
DA:750,0
DA:751,0
DA:754,0
DA:755,0
DA:757,0
DA:760,0
DA:761,0
DA:762,0
DA:765,0
DA:766,0
DA:767,0
DA:770,0
DA:771,0
DA:772,0
DA:775,0
DA:776,0
DA:777,0
DA:780,0
DA:781,0
DA:782,0
DA:785,0
DA:786,0
DA:787,0
DA:790,0
DA:791,0
DA:794,0
DA:795,0
DA:796,0
DA:797,0
DA:798,0
DA:800,0
DA:801,0
DA:802,0
DA:803,0
DA:806,0
DA:808,0
DA:809,0
DA:823,0
DA:829,0
DA:830,0
DA:839,0
DA:840,0
DA:841,0
DA:842,0
DA:843,0
DA:844,0
DA:845,0
DA:847,0
DA:850,0
DA:851,0
DA:852,0
DA:855,0
DA:856,0
DA:859,0
DA:860,0
DA:861,0
DA:862,0
DA:863,0
DA:865,0
DA:866,0
DA:868,0
DA:871,0
DA:878,0
DA:879,0
DA:880,0
DA:881,0
DA:882,0
DA:883,0
DA:884,0
DA:886,0
DA:889,0
DA:890,0
DA:891,0
DA:892,0
DA:893,0
DA:894,0
DA:895,0
DA:897,0
DA:900,0
DA:901,0
DA:902,0
DA:905,0
DA:906,0
DA:909,0
DA:910,0
DA:911,0
DA:912,0
DA:913,0
DA:915,0
DA:916,0
DA:918,0
DA:921,0
DA:928,0
DA:929,0
DA:930,0
DA:931,0
DA:932,0
DA:933,0
DA:934,0
DA:936,0
DA:939,0
DA:940,0
DA:941,0
DA:942,0
DA:943,0
DA:944,0
DA:945,0
DA:947,0
DA:950,0
DA:951,0
DA:954,0
DA:955,0
DA:956,0
DA:957,0
DA:958,0
DA:960,0
DA:961,0
DA:963,0
DA:966,0
DA:973,0
DA:974,0
DA:975,0
DA:976,0
DA:977,0
DA:978,0
DA:979,0
DA:981,0
DA:984,0
DA:985,0
DA:986,0
DA:987,0
DA:988,0
DA:989,0
DA:990,0
DA:992,0
DA:995,0
DA:996,0
DA:999,0
DA:1000,0
DA:1001,0
DA:1002,0
DA:1003,0
DA:1005,0
DA:1006,0
DA:1008,0
DA:1011,0
DA:1018,0
DA:1019,0
DA:1020,0
DA:1021,0
DA:1022,0
DA:1023,0
DA:1024,0
DA:1026,0
DA:1029,0
DA:1033,0
DA:1034,0
DA:1039,0
DA:1040,0
DA:1042,0
DA:1046,0
DA:1047,0
DA:1048,0
DA:1049,0
DA:1051,0
DA:1057,0
DA:1060,0
DA:1064,0
DA:1065,0
DA:1066,0
DA:1071,0
DA:1072,0
DA:1077,0
LF:340
LH:0
BRDA:2,0,0,0
BRDA:2,0,1,0
BRDA:3,1,0,0
BRDA:3,1,1,0
BRDA:18,2,0,0
BRDA:18,2,1,0
BRDA:36,3,0,0
BRDA:36,3,1,0
BRDA:55,4,0,0
BRDA:55,4,1,0
BRDA:59,5,0,0
BRDA:59,5,1,0
BRDA:68,6,0,0
BRDA:68,6,1,0
BRDA:77,7,0,0
BRDA:77,7,1,0
BRDA:522,8,0,0
BRDA:522,8,1,0
BRDA:522,9,0,0
BRDA:522,9,1,0
BRDA:526,10,0,0
BRDA:526,10,1,0
BRDA:526,10,2,0
BRDA:533,11,0,0
BRDA:533,11,1,0
BRDA:536,12,0,0
BRDA:536,12,1,0
BRDA:541,13,0,0
BRDA:541,13,1,0
BRDA:546,14,0,0
BRDA:546,14,1,0
BRDA:551,15,0,0
BRDA:551,15,1,0
BRDA:555,16,0,0
BRDA:555,16,1,0
BRDA:559,17,0,0
BRDA:559,17,1,0
BRDA:581,18,0,0
BRDA:581,18,1,0
BRDA:602,19,0,0
BRDA:602,19,1,0
BRDA:613,20,0,0
BRDA:613,20,1,0
BRDA:649,21,0,0
BRDA:649,21,1,0
BRDA:702,22,0,0
BRDA:702,22,1,0
BRDA:713,23,0,0
BRDA:713,23,1,0
BRDA:729,24,0,0
BRDA:729,24,1,0
BRDA:734,25,0,0
BRDA:734,25,1,0
BRDA:749,26,0,0
BRDA:749,26,1,0
BRDA:754,27,0,0
BRDA:754,27,1,0
BRDA:796,28,0,0
BRDA:796,28,1,0
BRDA:802,29,0,0
BRDA:802,29,1,0
BRDA:802,30,0,0
BRDA:802,30,1,0
BRDA:802,30,2,0
BRDA:802,30,3,0
BRDA:825,31,0,0
BRDA:825,31,1,0
BRDA:826,32,0,0
BRDA:826,32,1,0
BRDA:826,33,0,0
BRDA:826,33,1,0
BRDA:827,34,0,0
BRDA:827,34,1,0
BRDA:827,34,2,0
BRDA:843,35,0,0
BRDA:843,35,1,0
BRDA:861,36,0,0
BRDA:861,36,1,0
BRDA:865,37,0,0
BRDA:865,37,1,0
BRDA:866,38,0,0
BRDA:866,38,1,0
BRDA:882,39,0,0
BRDA:882,39,1,0
BRDA:893,40,0,0
BRDA:893,40,1,0
BRDA:911,41,0,0
BRDA:911,41,1,0
BRDA:915,42,0,0
BRDA:915,42,1,0
BRDA:916,43,0,0
BRDA:916,43,1,0
BRDA:932,44,0,0
BRDA:932,44,1,0
BRDA:943,45,0,0
BRDA:943,45,1,0
BRDA:956,46,0,0
BRDA:956,46,1,0
BRDA:960,47,0,0
BRDA:960,47,1,0
BRDA:961,48,0,0
BRDA:961,48,1,0
BRDA:977,49,0,0
BRDA:977,49,1,0
BRDA:988,50,0,0
BRDA:988,50,1,0
BRDA:1001,51,0,0
BRDA:1001,51,1,0
BRDA:1005,52,0,0
BRDA:1005,52,1,0
BRDA:1006,53,0,0
BRDA:1006,53,1,0
BRDA:1022,54,0,0
BRDA:1022,54,1,0
BRDA:1034,55,0,0
BRDA:1034,55,1,0
BRDA:1035,56,0,0
BRDA:1035,56,1,0
BRDA:1035,56,2,0
BRDA:1047,57,0,0
BRDA:1047,57,1,0
BRDA:1073,58,0,0
BRDA:1073,58,1,0
BRF:123
BRH:0
end_of_record
TN:
SF:controllers\admin-controller.js
FN:12,(anonymous_0)
FN:28,(anonymous_1)
FN:36,(anonymous_2)
FN:55,(anonymous_3)
FN:67,(anonymous_4)
FN:107,(anonymous_5)
FN:119,(anonymous_6)
FN:134,(anonymous_7)
FN:149,(anonymous_8)
FN:156,(anonymous_9)
FN:192,(anonymous_10)
FN:198,(anonymous_11)
FN:209,(anonymous_12)
FN:221,(anonymous_13)
FN:233,(anonymous_14)
FN:238,(anonymous_15)
FN:244,(anonymous_16)
FNF:17
FNH:17
FNDA:2,(anonymous_0)
FNDA:2,(anonymous_1)
FNDA:4,(anonymous_2)
FNDA:1,(anonymous_3)
FNDA:2,(anonymous_4)
FNDA:1,(anonymous_5)
FNDA:1,(anonymous_6)
FNDA:1,(anonymous_7)
FNDA:2,(anonymous_8)
FNDA:2,(anonymous_9)
FNDA:1,(anonymous_10)
FNDA:1,(anonymous_11)
FNDA:1,(anonymous_12)
FNDA:1,(anonymous_13)
FNDA:1,(anonymous_14)
FNDA:1,(anonymous_15)
FNDA:1,(anonymous_16)
DA:1,1
DA:2,1
DA:3,1
DA:4,1
DA:8,1
DA:9,1
DA:11,1
DA:13,2
DA:14,2
DA:15,2
DA:17,2
DA:28,2
DA:37,4
DA:41,2
DA:45,2
DA:52,2
DA:56,1
DA:75,2
DA:77,2
DA:78,2
DA:80,2
DA:81,1
DA:92,1
DA:94,1
DA:108,1
DA:109,1
DA:120,1
DA:124,1
DA:135,1
DA:139,1
DA:150,2
DA:151,2
DA:152,2
DA:153,2
DA:157,2
DA:164,2
DA:166,2
DA:167,2
DA:169,2
DA:170,1
DA:173,1
DA:176,1
DA:179,1
DA:189,1
DA:193,1
DA:194,1
DA:195,1
DA:199,1
DA:200,1
DA:201,1
DA:203,1
DA:206,1
DA:210,1
DA:211,1
DA:212,1
DA:218,1
DA:222,1
DA:223,1
DA:224,1
DA:230,1
DA:234,1
DA:235,1
DA:239,1
DA:240,1
DA:241,1
DA:245,1
DA:246,1
DA:251,1
DA:255,1
LF:69
LH:69
BRDA:80,0,0,1
BRDA:80,0,1,1
BRDA:152,1,0,1
BRDA:152,1,1,1
BRDA:166,2,0,2
BRDA:166,2,1,0
BRDA:169,3,0,1
BRDA:169,3,1,1
BRF:8
BRH:7
end_of_record
TN:
SF:controllers\auth-controller.js
FN:25,(anonymous_0)
FN:90,(anonymous_1)
FN:103,(anonymous_2)
FN:109,(anonymous_3)
FNF:4
FNH:0
FNDA:0,(anonymous_0)
FNDA:0,(anonymous_1)
FNDA:0,(anonymous_2)
FNDA:0,(anonymous_3)
DA:1,0
DA:2,0
DA:3,0
DA:8,0
DA:9,0
DA:14,0
DA:26,0
DA:27,0
DA:35,0
DA:36,0
DA:37,0
DA:38,0
DA:40,0
DA:46,0
DA:50,0
DA:51,0
DA:53,0
DA:58,0
DA:59,0
DA:64,0
DA:67,0
DA:68,0
DA:69,0
DA:71,0
DA:76,0
DA:78,0
DA:79,0
DA:91,0
DA:92,0
DA:104,0
DA:109,0
DA:110,0
DA:111,0
DA:112,0
DA:114,0
DA:115,0
DA:120,0
LF:37
LH:0
BRDA:26,0,0,0
BRDA:26,0,1,0
BRDA:37,1,0,0
BRDA:37,1,1,0
BRDA:46,2,0,0
BRDA:46,2,1,0
BRDA:50,3,0,0
BRDA:50,3,1,0
BRDA:58,4,0,0
BRDA:58,4,1,0
BRDA:91,5,0,0
BRDA:91,5,1,0
BRDA:110,6,0,0
BRDA:110,6,1,0
BRF:14
BRH:0
end_of_record
TN:
SF:controllers\event-controller.js
FN:13,(anonymous_0)
FN:61,(anonymous_1)
FN:65,(anonymous_2)
FN:76,(anonymous_3)
FN:77,(anonymous_4)
FN:87,(anonymous_5)
FN:117,(anonymous_6)
FN:135,(anonymous_7)
FN:151,(anonymous_8)
FN:168,(anonymous_9)
FN:185,(anonymous_10)
FN:216,(anonymous_11)
FN:275,(anonymous_12)
FN:312,(anonymous_13)
FN:343,(anonymous_14)
FN:403,(anonymous_15)
FN:440,(anonymous_16)
FN:471,(anonymous_17)
FN:530,(anonymous_18)
FN:567,(anonymous_19)
FN:598,(anonymous_20)
FN:657,(anonymous_21)
FN:694,(anonymous_22)
FN:696,(anonymous_23)
FN:701,(anonymous_24)
FN:703,(anonymous_25)
FN:708,(anonymous_26)
FN:709,(anonymous_27)
FN:714,(anonymous_28)
FN:721,(anonymous_29)
FN:726,(anonymous_30)
FN:749,(anonymous_31)
FNF:32
FNH:0
FNDA:0,(anonymous_0)
FNDA:0,(anonymous_1)
FNDA:0,(anonymous_2)
FNDA:0,(anonymous_3)
FNDA:0,(anonymous_4)
FNDA:0,(anonymous_5)
FNDA:0,(anonymous_6)
FNDA:0,(anonymous_7)
FNDA:0,(anonymous_8)
FNDA:0,(anonymous_9)
FNDA:0,(anonymous_10)
FNDA:0,(anonymous_11)
FNDA:0,(anonymous_12)
FNDA:0,(anonymous_13)
FNDA:0,(anonymous_14)
FNDA:0,(anonymous_15)
FNDA:0,(anonymous_16)
FNDA:0,(anonymous_17)
FNDA:0,(anonymous_18)
FNDA:0,(anonymous_19)
FNDA:0,(anonymous_20)
FNDA:0,(anonymous_21)
FNDA:0,(anonymous_22)
FNDA:0,(anonymous_23)
FNDA:0,(anonymous_24)
FNDA:0,(anonymous_25)
FNDA:0,(anonymous_26)
FNDA:0,(anonymous_27)
FNDA:0,(anonymous_28)
FNDA:0,(anonymous_29)
FNDA:0,(anonymous_30)
FNDA:0,(anonymous_31)
DA:1,0
DA:2,0
DA:3,0
DA:4,0
DA:5,0
DA:7,0
DA:8,0
DA:10,0
DA:12,0
DA:14,0
DA:15,0
DA:16,0
DA:22,0
DA:52,0
DA:58,0
DA:62,0
DA:66,0
DA:68,0
DA:73,0
DA:77,0
DA:78,0
DA:83,0
DA:88,0
DA:89,0
DA:109,0
DA:114,0
DA:118,0
DA:119,0
DA:121,0
DA:127,0
DA:132,0
DA:136,0
DA:137,0
DA:139,0
DA:143,0
DA:148,0
DA:152,0
DA:153,0
DA:155,0
DA:161,0
DA:165,0
DA:169,0
DA:170,0
DA:172,0
DA:178,0
DA:182,0
DA:186,0
DA:207,0
DA:213,0
DA:217,0
DA:221,0
DA:222,0
DA:225,0
DA:226,0
DA:227,0
DA:228,0
DA:229,0
DA:234,0
DA:239,0
DA:240,0
DA:242,0
DA:263,0
DA:272,0
DA:276,0
DA:280,0
DA:282,0
DA:302,0
DA:309,0
DA:313,0
DA:334,0
DA:340,0
DA:344,0
DA:348,0
DA:349,0
DA:352,0
DA:353,0
DA:354,0
DA:355,0
DA:356,0
DA:361,0
DA:367,0
DA:368,0
DA:370,0
DA:391,0
DA:400,0
DA:404,0
DA:408,0
DA:410,0
DA:430,0
DA:437,0
DA:441,0
DA:462,0
DA:468,0
DA:472,0
DA:476,0
DA:477,0
DA:480,0
DA:481,0
DA:482,0
DA:483,0
DA:484,0
DA:489,0
DA:494,0
DA:495,0
DA:497,0
DA:518,0
DA:527,0
DA:531,0
DA:535,0
DA:537,0
DA:557,0
DA:564,0
DA:568,0
DA:589,0
DA:595,0
DA:599,0
DA:603,0
DA:604,0
DA:607,0
DA:608,0
DA:609,0
DA:610,0
DA:611,0
DA:616,0
DA:621,0
DA:622,0
DA:624,0
DA:645,0
DA:654,0
DA:658,0
DA:662,0
DA:664,0
DA:684,0
DA:691,0
DA:695,0
DA:696,0
DA:697,0
DA:702,0
DA:703,0
DA:704,0
DA:709,0
DA:710,0
DA:715,0
DA:721,0
DA:722,0
DA:727,0
DA:746,0
DA:750,0
DA:752,0
DA:765,0
DA:767,0
DA:768,0
DA:770,0
DA:774,0
LF:154
LH:0
BRDA:69,0,0,0
BRDA:69,0,1,0
BRDA:128,1,0,0
BRDA:128,1,1,0
BRDA:144,2,0,0
BRDA:144,2,1,0
BRDA:162,3,0,0
BRDA:162,3,1,0
BRDA:179,4,0,0
BRDA:179,4,1,0
BRDA:221,5,0,0
BRDA:221,5,1,0
BRDA:225,6,0,0
BRDA:225,6,1,0
BRDA:226,7,0,0
BRDA:226,7,1,0
BRDA:240,8,0,0
BRDA:240,8,1,0
BRDA:280,9,0,0
BRDA:280,9,1,0
BRDA:348,10,0,0
BRDA:348,10,1,0
BRDA:352,11,0,0
BRDA:352,11,1,0
BRDA:353,12,0,0
BRDA:353,12,1,0
BRDA:368,13,0,0
BRDA:368,13,1,0
BRDA:408,14,0,0
BRDA:408,14,1,0
BRDA:476,15,0,0
BRDA:476,15,1,0
BRDA:480,16,0,0
BRDA:480,16,1,0
BRDA:481,17,0,0
BRDA:481,17,1,0
BRDA:495,18,0,0
BRDA:495,18,1,0
BRDA:535,19,0,0
BRDA:535,19,1,0
BRDA:603,20,0,0
BRDA:603,20,1,0
BRDA:607,21,0,0
BRDA:607,21,1,0
BRDA:608,22,0,0
BRDA:608,22,1,0
BRDA:622,23,0,0
BRDA:622,23,1,0
BRDA:662,24,0,0
BRDA:662,24,1,0
BRF:50
BRH:0
end_of_record
TN:
SF:helpers\activityLogger.js
FN:3,activityLogger
FNF:1
FNH:0
FNDA:0,activityLogger
DA:1,0
DA:3,0
DA:4,0
LF:3
LH:0
BRF:0
BRH:0
end_of_record
TN:
SF:helpers\eventsInMonth.js
FN:3,getEventsInMonth
FN:27,(anonymous_1)
FN:30,(anonymous_2)
FN:62,getEventsPerDay
FN:64,(anonymous_4)
FN:69,getVenuesAvailability
FN:79,(anonymous_6)
FN:90,(anonymous_7)
FNF:8
FNH:0
FNDA:0,getEventsInMonth
FNDA:0,(anonymous_1)
FNDA:0,(anonymous_2)
FNDA:0,getEventsPerDay
FNDA:0,(anonymous_4)
FNDA:0,getVenuesAvailability
FNDA:0,(anonymous_6)
FNDA:0,(anonymous_7)
DA:1,0
DA:4,0
DA:19,0
DA:20,0
DA:21,0
DA:25,0
DA:27,0
DA:28,0
DA:30,0
DA:31,0
DA:32,0
DA:36,0
DA:37,0
DA:38,0
DA:44,0
DA:47,0
DA:50,0
DA:59,0
DA:63,0
DA:64,0
DA:66,0
DA:70,0
DA:79,0
DA:80,0
DA:81,0
DA:83,0
DA:84,0
DA:86,0
DA:87,0
DA:90,0
DA:91,0
DA:93,0
DA:94,0
DA:96,0
DA:97,0
DA:99,0
DA:100,0
DA:102,0
DA:103,0
DA:107,0
DA:110,0
LF:41
LH:0
BRDA:31,0,0,0
BRDA:31,0,1,0
BRDA:81,1,0,0
BRDA:81,1,1,0
BRDA:91,2,0,0
BRDA:91,2,1,0
BRDA:91,2,2,0
BRF:7
BRH:0
end_of_record
TN:
SF:helpers\newPasswordValidator.js
FN:4,isValidPassword
FN:11,comparePassword
FN:19,isOldPasswordSameAsPassword
FNF:3
FNH:0
FNDA:0,isValidPassword
FNDA:0,comparePassword
FNDA:0,isOldPasswordSameAsPassword
DA:1,1
DA:2,1
DA:5,0
DA:7,0
DA:8,0
DA:12,0
DA:13,0
DA:15,0
DA:16,0
DA:20,0
DA:23,1
LF:11
LH:3
BRDA:5,0,0,0
BRDA:5,0,1,0
BRF:2
BRH:0
end_of_record
TN:
SF:helpers\validation.js
FNF:0
FNH:0
LF:0
LH:0
BRF:0
BRH:0
end_of_record
TN:
SF:models\activity.js
FNF:0
FNH:0
DA:1,1
DA:3,1
DA:16,1
LF:3
LH:3
BRF:0
BRH:0
end_of_record
TN:
SF:models\charge.js
FNF:0
FNH:0
DA:1,0
DA:3,0
DA:13,0
LF:3
LH:0
BRF:0
BRH:0
end_of_record
TN:
SF:models\db.js
FN:10,redact
FN:14,wireConnectionEvents
FN:16,(anonymous_2)
FN:17,(anonymous_3)
FN:18,(anonymous_4)
FN:19,(anonymous_5)
FN:20,(anonymous_6)
FN:24,(anonymous_7)
FN:46,(anonymous_8)
FN:60,(anonymous_9)
FN:61,(anonymous_10)
FN:68,(anonymous_11)
FN:69,(anonymous_12)
FN:76,(anonymous_13)
FN:77,(anonymous_14)
FN:83,(anonymous_15)
FN:84,(anonymous_16)
FN:90,(anonymous_17)
FN:91,(anonymous_18)
FN:98,(anonymous_19)
FN:99,(anonymous_20)
FN:106,(anonymous_21)
FN:107,(anonymous_22)
FN:114,(anonymous_23)
FN:115,(anonymous_24)
FN:122,(anonymous_25)
FN:123,(anonymous_26)
FNF:27
FNH:0
FNDA:0,redact
FNDA:0,wireConnectionEvents
FNDA:0,(anonymous_2)
FNDA:0,(anonymous_3)
FNDA:0,(anonymous_4)
FNDA:0,(anonymous_5)
FNDA:0,(anonymous_6)
FNDA:0,(anonymous_7)
FNDA:0,(anonymous_8)
FNDA:0,(anonymous_9)
FNDA:0,(anonymous_10)
FNDA:0,(anonymous_11)
FNDA:0,(anonymous_12)
FNDA:0,(anonymous_13)
FNDA:0,(anonymous_14)
FNDA:0,(anonymous_15)
FNDA:0,(anonymous_16)
FNDA:0,(anonymous_17)
FNDA:0,(anonymous_18)
FNDA:0,(anonymous_19)
FNDA:0,(anonymous_20)
FNDA:0,(anonymous_21)
FNDA:0,(anonymous_22)
FNDA:0,(anonymous_23)
FNDA:0,(anonymous_24)
FNDA:0,(anonymous_25)
FNDA:0,(anonymous_26)
DA:1,0
DA:2,0
DA:11,0
DA:15,0
DA:16,0
DA:17,0
DA:18,0
DA:19,0
DA:20,0
DA:23,0
DA:25,0
DA:26,0
DA:27,0
DA:29,0
DA:30,0
DA:31,0
DA:32,0
DA:33,0
DA:39,0
DA:41,0
DA:42,0
DA:47,0
DA:48,0
DA:61,0
DA:62,0
DA:63,0
DA:64,0
DA:69,0
DA:70,0
DA:71,0
DA:72,0
DA:77,0
DA:78,0
DA:79,0
DA:84,0
DA:85,0
DA:86,0
DA:91,0
DA:92,0
DA:93,0
DA:94,0
DA:99,0
DA:100,0
DA:101,0
DA:102,0
DA:107,0
DA:108,0
DA:109,0
DA:110,0
DA:115,0
DA:116,0
DA:117,0
DA:118,0
DA:123,0
DA:124,0
DA:125,0
DA:126,0
DA:131,0
LF:58
LH:0
BRDA:10,0,0,0
BRDA:11,1,0,0
BRDA:11,1,1,0
BRDA:25,2,0,0
BRDA:25,2,1,0
BRDA:62,3,0,0
BRDA:62,3,1,0
BRDA:70,4,0,0
BRDA:70,4,1,0
BRDA:78,5,0,0
BRDA:78,5,1,0
BRDA:85,6,0,0
BRDA:85,6,1,0
BRDA:92,7,0,0
BRDA:92,7,1,0
BRDA:100,8,0,0
BRDA:100,8,1,0
BRDA:108,9,0,0
BRDA:108,9,1,0
BRDA:116,10,0,0
BRDA:116,10,1,0
BRDA:124,11,0,0
BRDA:124,11,1,0
BRF:23
BRH:0
end_of_record
TN:
SF:models\discount.js
FNF:0
FNH:0
DA:1,1
DA:3,1
DA:15,1
LF:3
LH:3
BRF:0
BRH:0
end_of_record
TN:
SF:models\employee.js
FNF:0
FNH:0
DA:1,1
DA:2,1
DA:4,1
DA:20,1
LF:4
LH:4
BRF:0
BRH:0
end_of_record
TN:
SF:models\event.js
FNF:0
FNH:0
DA:1,0
DA:3,0
DA:198,0
LF:3
LH:0
BRF:0
BRH:0
end_of_record
TN:
SF:models\food.js
FNF:0
FNH:0
DA:1,0
DA:3,0
DA:13,0
LF:3
LH:0
BRF:0
BRH:0
end_of_record
TN:
SF:models\package.js
FNF:0
FNH:0
DA:1,0
DA:3,0
DA:29,0
LF:3
LH:0
BRF:0
BRH:0
end_of_record
TN:
SF:models\transaction.js
FNF:0
FNH:0
DA:1,0
DA:3,0
DA:45,0
LF:3
LH:0
BRF:0
BRH:0
end_of_record
TN:
SF:routes\routes.js
FN:9,(anonymous_0)
FNF:1
FNH:0
FNDA:0,(anonymous_0)
DA:1,0
DA:3,0
DA:4,0
DA:5,0
DA:6,0
DA:9,0
DA:10,0
DA:12,0
DA:13,0
DA:16,0
DA:19,0
DA:20,0
DA:21,0
DA:22,0
DA:23,0
DA:24,0
DA:25,0
DA:26,0
DA:27,0
DA:28,0
DA:29,0
DA:30,0
DA:32,0
DA:33,0
DA:34,0
DA:37,0
DA:40,0
DA:41,0
DA:42,0
DA:43,0
DA:44,0
DA:45,0
DA:48,0
DA:49,0
DA:50,0
DA:51,0
DA:52,0
DA:58,0
DA:64,0
DA:68,0
DA:72,0
DA:78,0
DA:82,0
DA:86,0
DA:92,0
DA:93,0
DA:97,0
DA:103,0
DA:104,0
DA:108,0
DA:114,0
DA:115,0
DA:119,0
DA:124,0
LF:54
LH:0
BRF:0
BRH:0
end_of_record
